<?xml version="1.0" encoding="UTF-8" ?>
<testsuite failures="0" time="1.257" errors="0" skipped="0" tests="28" name="com.waysysweb.util.HolidayTest">
  <properties>
    <property name="java.runtime.name" value="Java(TM) SE Runtime Environment"/>
    <property name="sun.boot.library.path" value="C:\Tools\JavaJRE\bin"/>
    <property name="java.vm.version" value="24.0-b56"/>
    <property name="java.vm.vendor" value="Oracle Corporation"/>
    <property name="java.vendor.url" value="http://java.oracle.com/"/>
    <property name="path.separator" value=";"/>
    <property name="guice.disable.misplaced.annotation.check" value="true"/>
    <property name="java.vm.name" value="Java HotSpot(TM) 64-Bit Server VM"/>
    <property name="file.encoding.pkg" value="sun.io"/>
    <property name="user.script" value=""/>
    <property name="user.country" value="US"/>
    <property name="sun.java.launcher" value="SUN_STANDARD"/>
    <property name="sun.os.patch.level" value=""/>
    <property name="java.vm.specification.name" value="Java Virtual Machine Specification"/>
    <property name="user.dir" value="C:\Users\William\SkyDrive\Proj\workspace\DateBench"/>
    <property name="java.runtime.version" value="1.7.0_40-b43"/>
    <property name="java.awt.graphicsenv" value="sun.awt.Win32GraphicsEnvironment"/>
    <property name="java.endorsed.dirs" value="C:\Tools\JavaJRE\lib\endorsed"/>
    <property name="os.arch" value="amd64"/>
    <property name="java.io.tmpdir" value="C:\Users\William\AppData\Local\Temp\"/>
    <property name="line.separator" value="
"/>
    <property name="java.vm.specification.vendor" value="Oracle Corporation"/>
    <property name="user.variant" value=""/>
    <property name="os.name" value="Windows 8"/>
    <property name="classworlds.conf" value="C:\Users\William\SkyDrive\Proj\workspace\.metadata\.plugins\org.eclipse.m2e.launching\launches\m2conf5849662720573784808.tmp"/>
    <property name="sun.jnu.encoding" value="Cp1252"/>
    <property name="java.library.path" value="C:\Tools\JavaJRE\bin;C:\WINDOWS\Sun\Java\bin;C:\WINDOWS\system32;C:\WINDOWS;C:\WINDOWS\system32;C:\WINDOWS;C:\WINDOWS\System32\Wbem;C:\WINDOWS\System32\WindowsPowerShell\v1.0\;C:\Program Files (x86)\Moscow ML\bin;C:\Ant\apache-ant-1.8.2\bin;C:\Tools\JavaJDK\bin;C:\Python27;C:\Python27\Scripts;c:\Program Files (x86)\Microsoft SQL Server\100\Tools\Binn\;c:\Program Files (x86)\Microsoft SQL Server\100\DTS\Binn\;C:\Program Files (x86)\QuickTime\QTSystem\;C:\Tools\Maven\apache-maven-3.2.1\bin;."/>
    <property name="java.specification.name" value="Java Platform API Specification"/>
    <property name="java.class.version" value="51.0"/>
    <property name="sun.management.compiler" value="HotSpot 64-Bit Tiered Compilers"/>
    <property name="os.version" value="6.2"/>
    <property name="user.home" value="C:\Users\William"/>
    <property name="user.timezone" value="America/New_York"/>
    <property name="java.awt.printerjob" value="sun.awt.windows.WPrinterJob"/>
    <property name="java.specification.version" value="1.7"/>
    <property name="file.encoding" value="Cp1252"/>
    <property name="user.name" value="wshaffer"/>
    <property name="java.class.path" value="/C:/Tools/SpringSource/springsource/sts-3.4.0.RELEASE/configuration/org.eclipse.osgi/bundles/578/1/.cp/jars/plexus-classworlds-2.4.jar"/>
    <property name="java.vm.specification.version" value="1.7"/>
    <property name="sun.arch.data.model" value="64"/>
    <property name="java.home" value="C:\Tools\JavaJRE"/>
    <property name="sun.java.command" value="org.codehaus.plexus.classworlds.launcher.Launcher -B install"/>
    <property name="java.specification.vendor" value="Oracle Corporation"/>
    <property name="user.language" value="en"/>
    <property name="awt.toolkit" value="sun.awt.windows.WToolkit"/>
    <property name="java.vm.info" value="mixed mode"/>
    <property name="java.version" value="1.7.0_40"/>
    <property name="java.ext.dirs" value="C:\Tools\JavaJRE\lib\ext;C:\WINDOWS\Sun\Java\lib\ext"/>
    <property name="sun.boot.class.path" value="C:\Tools\JavaJRE\lib\resources.jar;C:\Tools\JavaJRE\lib\rt.jar;C:\Tools\JavaJRE\lib\sunrsasign.jar;C:\Tools\JavaJRE\lib\jsse.jar;C:\Tools\JavaJRE\lib\jce.jar;C:\Tools\JavaJRE\lib\charsets.jar;C:\Tools\JavaJRE\lib\jfr.jar;C:\Tools\JavaJRE\classes"/>
    <property name="java.vendor" value="Oracle Corporation"/>
    <property name="maven.home" value="C:\Users\William\SkyDrive\Proj\workspace\DateBench\EMBEDDED"/>
    <property name="file.separator" value="\"/>
    <property name="java.vendor.url.bug" value="http://bugreport.sun.com/bugreport/"/>
    <property name="maven.bootclasspath" value="/C:/Tools/SpringSource/springsource/sts-3.4.0.RELEASE/configuration/org.eclipse.osgi/bundles/578/1/.cp/jars/plexus-classworlds-2.4.jar"/>
    <property name="sun.cpu.endian" value="little"/>
    <property name="sun.io.unicode.encoding" value="UnicodeLittle"/>
    <property name="sun.desktop" value="windows"/>
    <property name="sun.cpu.isalist" value="amd64"/>
  </properties>
  <testcase time="0.144" classname="com.waysysweb.util.DateTest" name="test_can_add_integer_to_date"/>
  <testcase time="0.001" classname="com.waysysweb.util.DateTest" name="test_can_create_min_and_max_dates"/>
  <testcase time="0.001" classname="com.waysysweb.util.DateTest" name="test_handles_null_date"/>
  <testcase time="0.032" classname="com.waysysweb.util.DateTest" name="test_can_convert_waydate_to_date"/>
  <testcase time="0.088" classname="com.waysysweb.util.DateTest" name="test_knows_day_of_week"/>
  <testcase time="0.597" classname="com.waysysweb.util.DateTest" name="test_knows_day_of_year"/>
  <testcase time="0.002" classname="com.waysysweb.util.DateTest" name="test_can_create_absolute_dates"/>
  <testcase time="0" classname="com.waysysweb.util.DateTest" name="test_can_convert_to_string"/>
  <testcase time="0.001" classname="com.waysysweb.util.DateTest" name="test_can_create_dates_all_months_first_and_last_days"/>
  <testcase time="0" classname="com.waysysweb.util.DateTest" name="test_knows_is_after"/>
  <testcase time="0.063" classname="com.waysysweb.util.DateTest" name="test_maintains_post_condition_for_second_constructor"/>
  <testcase time="0.069" classname="com.waysysweb.util.DateTest" name="test_can_calculate_absolute_date"/>
  <testcase time="0" classname="com.waysysweb.util.DateTest" name="test_knows_hash_code"/>
  <testcase time="0" classname="com.waysysweb.util.DateTest" name="test_handles_decrement_increment_with_null_date"/>
  <testcase time="0.008" classname="com.waysysweb.util.DateTest" name="test_can_parse_from_string"/>
  <testcase time="0.001" classname="com.waysysweb.util.DateTest" name="test_can_handle_java_null_date"/>
  <testcase time="0.001" classname="com.waysysweb.util.DateTest" name="test_can_compare_two_dates"/>
  <testcase time="0" classname="com.waysysweb.util.DateTest" name="test_handles_add_with_null_date"/>
  <testcase time="0" classname="com.waysysweb.util.DateTest" name="test_can_determine_if_two_dates_equal"/>
  <testcase time="0" classname="com.waysysweb.util.DateTest" name="test_knows_month_abbreviations"/>
  <testcase time="0.001" classname="com.waysysweb.util.DateTest" name="test_can_parse_from_iso_string"/>
  <testcase time="0" classname="com.waysysweb.util.DateTest" name="test_knows_leap_year"/>
  <testcase time="0" classname="com.waysysweb.util.DateTest" name="test_can_create_last_days_of_year"/>
  <testcase time="0.001" classname="com.waysysweb.util.DateTest" name="test_handles_accessors_with_null_date"/>
  <testcase time="0.237" classname="com.waysysweb.util.DateTest" name="test_maintains_post_condition_for_first_constructor"/>
  <testcase time="0" classname="com.waysysweb.util.DateTest" name="test_handles_difference_with_null_date"/>
  <testcase time="0" classname="com.waysysweb.util.DateTest" name="test_knows_current_date"/>
  <testcase time="0" classname="com.waysysweb.util.DateTest" name="test_fails_on_invalid_date"/>
</testsuite>